<?xml version="1.0" encoding="UTF-8"?>
<testng-results skipped="0" failed="1" total="1" passed="0">
  <reporter-output>
  </reporter-output>
  <suite name="Suite" duration-ms="147145" started-at="2017-01-07T13:52:51Z" finished-at="2017-01-07T13:55:18Z">
    <groups>
      <group name="Smk">
        <method signature="script_Search.Invalid_Search(java.util.Map)[pri:4, instance:Testscript.script_Search@185d8b6]" name="Invalid_Search" class="Testscript.script_Search"/>
      </group> <!-- Smk -->
      <group name="Reg">
        <method signature="script_Search.Invalid_Search(java.util.Map)[pri:4, instance:Testscript.script_Search@185d8b6]" name="Invalid_Search" class="Testscript.script_Search"/>
      </group> <!-- Reg -->
    </groups>
    <test name="Test" duration-ms="147145" started-at="2017-01-07T13:52:51Z" finished-at="2017-01-07T13:55:18Z">
      <class name="Testscript.script_Search">
        <test-method status="PASS" signature="create_Report()[pri:0, instance:Testscript.script_Search@185d8b6]" name="create_Report" is-config="true" duration-ms="95" started-at="2017-01-07T19:22:51Z" finished-at="2017-01-07T19:22:51Z">
          <reporter-output>
          </reporter-output>
        </test-method> <!-- create_Report -->
        <test-method status="PASS" signature="launchApp(java.lang.String)[pri:0, instance:Testscript.script_Search@185d8b6]" name="launchApp" is-config="true" duration-ms="21383" started-at="2017-01-07T19:22:52Z" finished-at="2017-01-07T19:23:14Z">
          <params>
            <param index="0">
              <value>
                <![CDATA[ff]]>
              </value>
            </param>
          </params>
          <reporter-output>
          </reporter-output>
        </test-method> <!-- launchApp -->
        <test-method status="FAIL" signature="Invalid_Search(java.util.Map)[pri:4, instance:Testscript.script_Search@185d8b6]" name="Invalid_Search" duration-ms="124452" started-at="2017-01-07T19:23:14Z" data-provider="invalidSearch" finished-at="2017-01-07T19:25:18Z">
          <params>
            <param index="0">
              <value>
                <![CDATA[{Order=1.0, searchtext=sdlk, Script=InvalidSearch, Uname=qtpworld2008@gmail.com, Expected=Sorry..'sdlk' does not match any product on Rediff Books., password=learn123, TC_ID=GB_08, Execute=Y}]]>
              </value>
            </param>
          </params>
          <exception class="org.openqa.selenium.NoSuchElementException">
            <message>
              <![CDATA[Unable to locate element: {"method":"xpath","selector":"//input[@type='submit1' and @value='Login1']"}
Command duration or timeout: 120.03 seconds
For documentation on this error, please visit: http://seleniumhq.org/exceptions/no_such_element.html
Build info: version: '2.53.0', revision: '35ae25b1534ae328c771e0856c93e187490ca824', time: '2016-03-15 10:43:46'
System info: host: 'DELL-PC', ip: '192.168.0.15', os.name: 'Windows 7', os.arch: 'x86', os.version: '6.1', java.version: '1.8.0_101'
Driver info: org.openqa.selenium.firefox.FirefoxDriver
Capabilities [{applicationCacheEnabled=true, rotatable=false, handlesAlerts=true, databaseEnabled=true, version=43.0.1, platform=WINDOWS, nativeEvents=false, acceptSslCerts=true, webStorageEnabled=true, locationContextEnabled=true, browserName=firefox, takesScreenshot=true, javascriptEnabled=true, cssSelectorsEnabled=true}]
Session ID: a88bc785-fac2-4219-8e7d-20637abd550f
*** Element info: {Using=xpath, value=//input[@type='submit1' and @value='Login1']}]]>
            </message>
            <full-stacktrace>
              <![CDATA[org.openqa.selenium.NoSuchElementException: Unable to locate element: {"method":"xpath","selector":"//input[@type='submit1' and @value='Login1']"}
Command duration or timeout: 120.03 seconds
For documentation on this error, please visit: http://seleniumhq.org/exceptions/no_such_element.html
Build info: version: '2.53.0', revision: '35ae25b1534ae328c771e0856c93e187490ca824', time: '2016-03-15 10:43:46'
System info: host: 'DELL-PC', ip: '192.168.0.15', os.name: 'Windows 7', os.arch: 'x86', os.version: '6.1', java.version: '1.8.0_101'
Driver info: org.openqa.selenium.firefox.FirefoxDriver
Capabilities [{applicationCacheEnabled=true, rotatable=false, handlesAlerts=true, databaseEnabled=true, version=43.0.1, platform=WINDOWS, nativeEvents=false, acceptSslCerts=true, webStorageEnabled=true, locationContextEnabled=true, browserName=firefox, takesScreenshot=true, javascriptEnabled=true, cssSelectorsEnabled=true}]
Session ID: a88bc785-fac2-4219-8e7d-20637abd550f
*** Element info: {Using=xpath, value=//input[@type='submit1' and @value='Login1']}
	at sun.reflect.NativeConstructorAccessorImpl.newInstance0(Native Method)
	at sun.reflect.NativeConstructorAccessorImpl.newInstance(NativeConstructorAccessorImpl.java:62)
	at sun.reflect.DelegatingConstructorAccessorImpl.newInstance(DelegatingConstructorAccessorImpl.java:45)
	at java.lang.reflect.Constructor.newInstance(Constructor.java:423)
	at org.openqa.selenium.remote.ErrorHandler.createThrowable(ErrorHandler.java:206)
	at org.openqa.selenium.remote.ErrorHandler.throwIfResponseFailed(ErrorHandler.java:158)
	at org.openqa.selenium.remote.RemoteWebDriver.execute(RemoteWebDriver.java:678)
	at org.openqa.selenium.remote.RemoteWebDriver.findElement(RemoteWebDriver.java:363)
	at org.openqa.selenium.remote.RemoteWebDriver.findElementByXPath(RemoteWebDriver.java:500)
	at org.openqa.selenium.By$ByXPath.findElement(By.java:361)
	at org.openqa.selenium.remote.RemoteWebDriver.findElement(RemoteWebDriver.java:355)
	at org.openqa.selenium.support.pagefactory.DefaultElementLocator.findElement(DefaultElementLocator.java:69)
	at org.openqa.selenium.support.pagefactory.internal.LocatingElementHandler.invoke(LocatingElementHandler.java:38)
	at com.sun.proxy.$Proxy10.click(Unknown Source)
	at Pagefactory.pf_genericmethods.cl_click(pf_genericmethods.java:16)
	at Pagefactory.pf_SignIn.login(pf_SignIn.java:33)
	at Testscript.script_Search.Invalid_Search(script_Search.java:40)
	at sun.reflect.NativeMethodAccessorImpl.invoke0(Native Method)
	at sun.reflect.NativeMethodAccessorImpl.invoke(NativeMethodAccessorImpl.java:62)
	at sun.reflect.DelegatingMethodAccessorImpl.invoke(DelegatingMethodAccessorImpl.java:43)
	at java.lang.reflect.Method.invoke(Method.java:498)
	at org.testng.internal.MethodInvocationHelper.invokeMethod(MethodInvocationHelper.java:85)
	at org.testng.internal.Invoker.invokeMethod(Invoker.java:639)
	at org.testng.internal.Invoker.invokeTestMethod(Invoker.java:816)
	at org.testng.internal.Invoker.invokeTestMethods(Invoker.java:1124)
	at org.testng.internal.TestMethodWorker.invokeTestMethods(TestMethodWorker.java:125)
	at org.testng.internal.TestMethodWorker.run(TestMethodWorker.java:108)
	at org.testng.TestRunner.privateRun(TestRunner.java:774)
	at org.testng.TestRunner.run(TestRunner.java:624)
	at org.testng.SuiteRunner.runTest(SuiteRunner.java:359)
	at org.testng.SuiteRunner.runSequentially(SuiteRunner.java:354)
	at org.testng.SuiteRunner.privateRun(SuiteRunner.java:312)
	at org.testng.SuiteRunner.run(SuiteRunner.java:261)
	at org.testng.SuiteRunnerWorker.runSuite(SuiteRunnerWorker.java:52)
	at org.testng.SuiteRunnerWorker.run(SuiteRunnerWorker.java:86)
	at org.testng.TestNG.runSuitesSequentially(TestNG.java:1215)
	at org.testng.TestNG.runSuitesLocally(TestNG.java:1140)
	at org.testng.TestNG.run(TestNG.java:1048)
	at org.testng.remote.AbstractRemoteTestNG.run(AbstractRemoteTestNG.java:126)
	at org.testng.remote.RemoteTestNG.initAndRun(RemoteTestNG.java:152)
	at org.testng.remote.RemoteTestNG.main(RemoteTestNG.java:57)
Caused by: org.openqa.selenium.NoSuchElementException: Unable to locate element: {"method":"xpath","selector":"//input[@type='submit1' and @value='Login1']"}
For documentation on this error, please visit: http://seleniumhq.org/exceptions/no_such_element.html
Build info: version: '2.53.0', revision: '35ae25b1534ae328c771e0856c93e187490ca824', time: '2016-03-15 10:43:46'
System info: host: 'DELL-PC', ip: '192.168.0.15', os.name: 'Windows 7', os.arch: 'x86', os.version: '6.1', java.version: '1.8.0_101'
Driver info: driver.version: unknown
	at <anonymous class>.FirefoxDriver.prototype.findElementInternal_(file:///C:/Users/DELL/AppData/Local/Temp/anonymous8758276926305172415webdriver-profile/extensions/fxdriver@googlecode.com/components/driver-component.js:10770)
	at <anonymous class>.fxdriver.Timer.prototype.setTimeout/<.notify(file:///C:/Users/DELL/AppData/Local/Temp/anonymous8758276926305172415webdriver-profile/extensions/fxdriver@googlecode.com/components/driver-component.js:625)
]]>
            </full-stacktrace>
          </exception> <!-- org.openqa.selenium.NoSuchElementException -->
          <reporter-output>
          </reporter-output>
        </test-method> <!-- Invalid_Search -->
        <test-method status="PASS" signature="cloaseApp(org.testng.ITestResult)[pri:0, instance:Testscript.script_Search@185d8b6]" name="cloaseApp" is-config="true" duration-ms="390" started-at="2017-01-07T19:25:18Z" finished-at="2017-01-07T19:25:18Z">
          <params>
            <param index="0">
              <value>
                <![CDATA[[TestResult name=Invalid_Search status=FAILURE method=script_Search.Invalid_Search(java.util.Map)[pri:4, instance:Testscript.script_Search@185d8b6] output={null}]]]>
              </value>
            </param>
          </params>
          <reporter-output>
          </reporter-output>
        </test-method> <!-- cloaseApp -->
      </class> <!-- Testscript.script_Search -->
    </test> <!-- Test -->
  </suite> <!-- Suite -->
</testng-results>
